<?xml version="1.0" encoding="UTF-8"?>
<!-- Generated by org.testng.reporters.JUnitReportReporter -->
<testsuite hostname="LAPTOP-VNBA3OG5" failures="0" tests="2" name="SumnumsOfDiffFirstLastDigitsArray" time="0.021" errors="0" timestamp="2021-10-12T20:24:59 CDT" skipped="0">
  <testcase classname="SumnumsOfDiffFirstLastDigitsArray" name="test1" time="0.019"/>
  <system-out/>
  <testcase classname="SumnumsOfDiffFirstLastDigitsArray" name="test2" time="0.002"/>
  <system-out/>
</testsuite> <!-- SumnumsOfDiffFirstLastDigitsArray -->
